-------------------------------------------------------------------------------
Test set: com.meituan.themehuojz.MeituanApplicationTests
-------------------------------------------------------------------------------
Tests run: 1, Failures: 0, Errors: 1, Skipped: 0, Time elapsed: 0.246 s <<< FAILURE! - in com.meituan.themehuojz.MeituanApplicationTests
com.meituan.themehuojz.MeituanApplicationTests  Time elapsed: 0.244 s  <<< ERROR!
java.lang.IllegalStateException: Unable to find a @SpringBootConfiguration, you need to use @ContextConfiguration or @SpringBootTest(classes=...) with your test

