<?xml version="1.0" encoding="UTF-8"?>
<testsuite xmlns:xsi="http://www.w3.org/2001/XMLSchema-instance" xsi:noNamespaceSchemaLocation="https://maven.apache.org/surefire/maven-surefire-plugin/xsd/surefire-test-report.xsd" name="com.meituan.themehuojz.MeituanApplicationTests" time="0.246" tests="1" errors="1" skipped="0" failures="0">
  <properties>
[...]
</properties>
  <testcase name="com.meituan.themehuojz.MeituanApplicationTests" classname="com.meituan.themehuojz.MeituanApplicationTests" time="0.244">
    <error message="Unable to find a @SpringBootConfiguration, you need to use @ContextConfiguration or @SpringBootTest(classes=...) with your test" type="java.lang.IllegalStateException">java.lang.IllegalStateException: Unable to find a @SpringBootConfiguration, you need to use @ContextConfiguration or @SpringBootTest(classes=...) with your test
</error>
    <system-out><![CDATA[14:57:25.064 [main] DEBUG org.springframework.test.context.BootstrapUtils - Instantiating CacheAwareContextLoaderDelegate from class [org.springframework.test.context.cache.DefaultCacheAwareContextLoaderDelegate]
14:57:25.075 [main] DEBUG org.springframework.test.context.BootstrapUtils - Instantiating BootstrapContext using constructor [public org.springframework.test.context.support.DefaultBootstrapContext(java.lang.Class,org.springframework.test.context.CacheAwareContextLoaderDelegate)]
14:57:25.113 [main] DEBUG org.springframework.test.context.BootstrapUtils - Instantiating TestContextBootstrapper for test class [com.meituan.themehuojz.MeituanApplicationTests] from class [org.springframework.boot.test.context.SpringBootTestContextBootstrapper]
14:57:25.128 [main] INFO org.springframework.boot.test.context.SpringBootTestContextBootstrapper - Neither @ContextConfiguration nor @ContextHierarchy found for test class [com.meituan.themehuojz.MeituanApplicationTests], using SpringBootContextLoader
14:57:25.133 [main] DEBUG org.springframework.test.context.support.AbstractContextLoader - Did not detect default resource location for test class [com.meituan.themehuojz.MeituanApplicationTests]: class path resource [com/meituan/themehuojz/MeituanApplicationTests-context.xml] does not exist
14:57:25.133 [main] DEBUG org.springframework.test.context.support.AbstractContextLoader - Did not detect default resource location for test class [com.meituan.themehuojz.MeituanApplicationTests]: class path resource [com/meituan/themehuojz/MeituanApplicationTestsContext.groovy] does not exist
14:57:25.133 [main] INFO org.springframework.test.context.support.AbstractContextLoader - Could not detect default resource locations for test class [com.meituan.themehuojz.MeituanApplicationTests]: no resource found for suffixes {-context.xml, Context.groovy}.
14:57:25.134 [main] INFO org.springframework.test.context.support.AnnotationConfigContextLoaderUtils - Could not detect default configuration classes for test class [com.meituan.themehuojz.MeituanApplicationTests]: MeituanApplicationTests does not declare any static, non-private, non-final, nested classes annotated with @Configuration.
14:57:25.178 [main] DEBUG org.springframework.test.context.support.ActiveProfilesUtils - Could not find an 'annotation declaring class' for annotation type [org.springframework.test.context.ActiveProfiles] and class [com.meituan.themehuojz.MeituanApplicationTests]
]]></system-out>
  </testcase>
</testsuite>